<?xml version="1.0" encoding="UTF-8"?>
<!-- Generated by org.testng.reporters.JUnitReportReporter -->
<testsuite skipped="0" hostname="LTIN182337" name="TestPage.validLoginTest" tests="1" failures="0" timestamp="2021-06-07T13:06:06 IST" time="37.116" errors="0">
  <testcase name="validPageRun" time="37.116" classname="TestPage.validLoginTest"/>
  <system-out/>
</testsuite> <!-- TestPage.validLoginTest -->
